17:02:35.599 [main] INFO  org.testng.internal.Utils - [TestNG] Running:
  C:\Users\ADMIN\eclipse-workspace\OpenCartProject\Master.xml

17:02:41.224 [main] INFO  testCases.TC001_AccountRegistrationTest - *******	Starting TC001_AccountRegistrationTest  *******
17:02:41.224 [main] DEBUG testCases.TC001_AccountRegistrationTest - This isa debug log message
17:02:41.687 [main] INFO  testCases.TC001_AccountRegistrationTest - Clicked on MyAccount Link...
17:02:42.518 [main] INFO  testCases.TC001_AccountRegistrationTest - Clicked on MY RegisterAccount...
17:02:42.522 [main] INFO  testCases.TC001_AccountRegistrationTest - Providing Customer Details...
17:02:45.087 [main] INFO  testCases.TC001_AccountRegistrationTest - Validating Expected Message....
17:02:45.165 [main] INFO  testCases.TC001_AccountRegistrationTest - *********	Finished TC001_AccountRegistrationTest  ***********
17:02:50.132 [main] INFO  testCases.TC002_LoginTest - ******************  Started TC002_LoginTest  ***********
17:02:53.448 [main] INFO  testCases.TC002_LoginTest - ****************** Finished TC002_LoginTest  ***********
20:53:27.254 [main] DEBUG org.testng.TestNG - suiteXmlPath: "C:\Users\ADMIN\eclipse-workspace\OpenCartProject\Master.xml"
20:53:27.785 [main] INFO  org.testng.internal.Utils - [TestNG] Running:
  C:\Users\ADMIN\eclipse-workspace\OpenCartProject\Master.xml

20:53:36.432 [main] INFO  testCases.TC001_AccountRegistrationTest - *******	Starting TC001_AccountRegistrationTest  *******
20:53:36.433 [main] DEBUG testCases.TC001_AccountRegistrationTest - This isa debug log message
20:53:36.645 [main] INFO  testCases.TC001_AccountRegistrationTest - Clicked on MyAccount Link...
20:53:38.463 [main] INFO  testCases.TC001_AccountRegistrationTest - Clicked on MY RegisterAccount...
20:53:38.480 [main] INFO  testCases.TC001_AccountRegistrationTest - Providing Customer Details...
20:53:40.546 [main] INFO  testCases.TC001_AccountRegistrationTest - Validating Expected Message....
20:53:40.639 [main] INFO  testCases.TC001_AccountRegistrationTest - Test Passed
20:53:40.639 [main] INFO  testCases.TC001_AccountRegistrationTest - *********	Finished TC001_AccountRegistrationTest  ***********
20:53:46.193 [main] INFO  testCases.TC002_LoginTest - ******************  Started TC002_LoginTest  ***********
20:53:49.189 [main] INFO  testCases.TC002_LoginTest - ****************** Finished TC002_LoginTest  ***********
20:56:02.810 [main] DEBUG org.testng.TestNG - suiteXmlPath: "C:\Users\ADMIN\eclipse-workspace\OpenCartProject\Master.xml"
20:56:03.459 [main] INFO  org.testng.internal.Utils - [TestNG] Running:
  C:\Users\ADMIN\eclipse-workspace\OpenCartProject\Master.xml

20:56:11.849 [main] INFO  testCases.TC001_AccountRegistrationTest - *******	Starting TC001_AccountRegistrationTest  *******
20:56:11.849 [main] DEBUG testCases.TC001_AccountRegistrationTest - This isa debug log message
20:56:12.012 [main] INFO  testCases.TC001_AccountRegistrationTest - Clicked on MyAccount Link...
20:56:13.081 [main] INFO  testCases.TC001_AccountRegistrationTest - Clicked on MY RegisterAccount...
20:56:13.083 [main] INFO  testCases.TC001_AccountRegistrationTest - Providing Customer Details...
20:56:14.238 [main] INFO  testCases.TC001_AccountRegistrationTest - Validating Expected Message....
20:56:15.176 [main] INFO  testCases.TC001_AccountRegistrationTest - Test Passed
20:56:15.176 [main] INFO  testCases.TC001_AccountRegistrationTest - *********	Finished TC001_AccountRegistrationTest  ***********
20:56:20.794 [main] INFO  testCases.TC002_LoginTest - ******************  Started TC002_LoginTest  ***********
20:56:24.406 [main] INFO  testCases.TC002_LoginTest - ****************** Finished TC002_LoginTest  ***********
21:00:04.638 [main] DEBUG org.testng.TestNG - suiteXmlPath: "C:\Users\ADMIN\eclipse-workspace\OpenCartProject\Grouping.xml"
21:00:05.205 [main] INFO  org.testng.internal.Utils - [TestNG] Running:
  C:\Users\ADMIN\eclipse-workspace\OpenCartProject\Grouping.xml

21:00:14.975 [main] INFO  testCases.TC001_AccountRegistrationTest - *******	Starting TC001_AccountRegistrationTest  *******
21:00:14.975 [main] DEBUG testCases.TC001_AccountRegistrationTest - This isa debug log message
21:00:15.242 [main] INFO  testCases.TC001_AccountRegistrationTest - Clicked on MyAccount Link...
21:00:16.990 [main] INFO  testCases.TC001_AccountRegistrationTest - Clicked on MY RegisterAccount...
21:00:17.000 [main] INFO  testCases.TC001_AccountRegistrationTest - Providing Customer Details...
21:00:19.929 [main] INFO  testCases.TC001_AccountRegistrationTest - Validating Expected Message....
21:00:19.982 [main] INFO  testCases.TC001_AccountRegistrationTest - Test Passed
21:00:19.982 [main] INFO  testCases.TC001_AccountRegistrationTest - *********	Finished TC001_AccountRegistrationTest  ***********
21:00:27.062 [main] INFO  testCases.TC002_LoginTest - ******************  Started TC002_LoginTest  ***********
21:00:29.923 [main] INFO  testCases.TC002_LoginTest - ****************** Finished TC002_LoginTest  ***********
