01:56:34.103 [main] INFO  testCases.TC001_AccountRegistrationTest - *******	Starting TC001_AccountRegistrationTest  *******
01:56:34.119 [main] DEBUG testCases.TC001_AccountRegistrationTest - This isa debug log message
01:56:34.911 [main] INFO  testCases.TC001_AccountRegistrationTest - Clicked on MyAccount Link...
01:56:36.190 [main] INFO  testCases.TC001_AccountRegistrationTest - Clicked on MY RegisterAccount...
01:56:36.298 [main] INFO  testCases.TC001_AccountRegistrationTest - Providing Customer Details...
01:56:39.615 [main] INFO  testCases.TC001_AccountRegistrationTest - Validating Expected Message....
01:56:39.913 [main] INFO  testCases.TC001_AccountRegistrationTest - Test Passed
01:56:39.913 [main] INFO  testCases.TC001_AccountRegistrationTest - *********	Finished TC001_AccountRegistrationTest  ***********
02:03:13.136 [main] DEBUG org.testng.TestNG - suiteXmlPath: "C:\Users\ADMIN\eclipse-workspace\OpenCartProject\Grid-docker.xml"
02:03:13.572 [main] DEBUG org.testng.TestNG - suiteXmlPath: "C:\Users\ADMIN\eclipse-workspace\OpenCartProject\Grid-docker.xml"
02:03:15.265 [main] INFO  org.testng.internal.Utils - [TestNG] Running:
  C:\Users\ADMIN\eclipse-workspace\OpenCartProject\Grid-docker.xml

02:03:15.504 [main] INFO  org.testng.internal.Utils - [TestNG] Running:
  C:\Users\ADMIN\eclipse-workspace\OpenCartProject\Grid-docker.xml

02:03:29.355 [main] INFO  testCases.TC001_AccountRegistrationTest - *******	Starting TC001_AccountRegistrationTest  *******
02:03:29.356 [main] DEBUG testCases.TC001_AccountRegistrationTest - This isa debug log message
02:03:30.449 [main] INFO  testCases.TC001_AccountRegistrationTest - Clicked on MyAccount Link...
02:03:32.218 [main] INFO  testCases.TC001_AccountRegistrationTest - Clicked on MY RegisterAccount...
02:03:32.225 [main] INFO  testCases.TC001_AccountRegistrationTest - Providing Customer Details...
02:03:37.687 [main] INFO  testCases.TC001_AccountRegistrationTest - Validating Expected Message....
02:03:37.920 [main] INFO  testCases.TC001_AccountRegistrationTest - Test Passed
02:03:37.920 [main] INFO  testCases.TC001_AccountRegistrationTest - *********	Finished TC001_AccountRegistrationTest  ***********
02:07:15.672 [main] INFO  testCases.TC001_AccountRegistrationTest - *******	Starting TC001_AccountRegistrationTest  *******
02:07:15.673 [main] DEBUG testCases.TC001_AccountRegistrationTest - This isa debug log message
02:07:16.205 [main] INFO  testCases.TC001_AccountRegistrationTest - Clicked on MyAccount Link...
02:07:17.588 [main] INFO  testCases.TC001_AccountRegistrationTest - Clicked on MY RegisterAccount...
02:07:17.589 [main] INFO  testCases.TC001_AccountRegistrationTest - Providing Customer Details...
02:07:20.745 [main] INFO  testCases.TC001_AccountRegistrationTest - Validating Expected Message....
02:07:20.976 [main] INFO  testCases.TC001_AccountRegistrationTest - Test Passed
02:07:20.977 [main] INFO  testCases.TC001_AccountRegistrationTest - *********	Finished TC001_AccountRegistrationTest  ***********
02:16:50.235 [main] DEBUG org.testng.TestNG - suiteXmlPath: "C:\Users\ADMIN\eclipse-workspace\OpenCartProject\Grid-docker.xml"
02:16:50.907 [main] INFO  org.testng.internal.Utils - [TestNG] Running:
  C:\Users\ADMIN\eclipse-workspace\OpenCartProject\Grid-docker.xml

02:17:02.404 [main] INFO  testCases.TC001_AccountRegistrationTest - *******	Starting TC001_AccountRegistrationTest  *******
02:17:02.405 [main] DEBUG testCases.TC001_AccountRegistrationTest - This isa debug log message
02:17:02.757 [main] INFO  testCases.TC001_AccountRegistrationTest - Clicked on MyAccount Link...
02:17:03.891 [main] INFO  testCases.TC001_AccountRegistrationTest - Clicked on MY RegisterAccount...
02:17:03.902 [main] INFO  testCases.TC001_AccountRegistrationTest - Providing Customer Details...
02:17:06.398 [main] INFO  testCases.TC001_AccountRegistrationTest - Validating Expected Message....
02:17:06.540 [main] INFO  testCases.TC001_AccountRegistrationTest - Test Passed
02:17:06.540 [main] INFO  testCases.TC001_AccountRegistrationTest - *********	Finished TC001_AccountRegistrationTest  ***********
02:20:21.464 [main] INFO  testCases.TC001_AccountRegistrationTest - *******	Starting TC001_AccountRegistrationTest  *******
02:20:21.464 [main] DEBUG testCases.TC001_AccountRegistrationTest - This isa debug log message
02:20:21.775 [main] INFO  testCases.TC001_AccountRegistrationTest - Clicked on MyAccount Link...
02:20:23.181 [main] INFO  testCases.TC001_AccountRegistrationTest - Clicked on MY RegisterAccount...
02:20:23.182 [main] INFO  testCases.TC001_AccountRegistrationTest - Providing Customer Details...
02:20:25.366 [main] INFO  testCases.TC001_AccountRegistrationTest - Validating Expected Message....
02:20:25.426 [main] INFO  testCases.TC001_AccountRegistrationTest - Test Passed
02:20:25.426 [main] INFO  testCases.TC001_AccountRegistrationTest - *********	Finished TC001_AccountRegistrationTest  ***********
03:03:25.513 [main] DEBUG org.testng.TestNG - suiteXmlPath: "C:\Users\ADMIN\eclipse-workspace\OpenCartProject\Grid-docker.xml"
