03:03:26.208 [main] INFO  org.testng.internal.Utils - [TestNG] Running:
  C:\Users\ADMIN\eclipse-workspace\OpenCartProject\Grid-docker.xml

03:03:36.333 [main] INFO  testCases.TC001_AccountRegistrationTest - *******	Starting TC001_AccountRegistrationTest  *******
03:03:36.334 [main] DEBUG testCases.TC001_AccountRegistrationTest - This isa debug log message
03:03:36.544 [main] INFO  testCases.TC001_AccountRegistrationTest - Clicked on MyAccount Link...
03:03:37.397 [main] INFO  testCases.TC001_AccountRegistrationTest - Clicked on MY RegisterAccount...
03:03:37.403 [main] INFO  testCases.TC001_AccountRegistrationTest - Providing Customer Details...
03:03:39.567 [main] INFO  testCases.TC001_AccountRegistrationTest - Validating Expected Message....
03:03:39.686 [main] INFO  testCases.TC001_AccountRegistrationTest - Test Passed
03:03:39.686 [main] INFO  testCases.TC001_AccountRegistrationTest - *********	Finished TC001_AccountRegistrationTest  ***********
03:06:57.570 [main] INFO  testCases.TC001_AccountRegistrationTest - *******	Starting TC001_AccountRegistrationTest  *******
03:06:57.571 [main] DEBUG testCases.TC001_AccountRegistrationTest - This isa debug log message
03:06:57.950 [main] INFO  testCases.TC001_AccountRegistrationTest - Clicked on MyAccount Link...
03:06:58.777 [main] INFO  testCases.TC001_AccountRegistrationTest - Clicked on MY RegisterAccount...
03:06:58.778 [main] INFO  testCases.TC001_AccountRegistrationTest - Providing Customer Details...
03:07:00.665 [main] INFO  testCases.TC001_AccountRegistrationTest - Validating Expected Message....
03:07:00.735 [main] INFO  testCases.TC001_AccountRegistrationTest - Test Passed
03:07:00.736 [main] INFO  testCases.TC001_AccountRegistrationTest - *********	Finished TC001_AccountRegistrationTest  ***********
14:00:12.102 [main] DEBUG org.testng.TestNG - suiteXmlPath: "C:\Users\ADMIN\eclipse-workspace\OpenCartProject\Master.xml"
14:02:16.322 [main] DEBUG org.testng.TestNG - suiteXmlPath: "C:\Users\ADMIN\eclipse-workspace\OpenCartProject\Master.xml"
14:04:04.155 [main] DEBUG org.testng.TestNG - suiteXmlPath: "C:\Users\ADMIN\eclipse-workspace\OpenCartProject\Master.xml"
14:07:20.376 [main] DEBUG org.testng.TestNG - suiteXmlPath: "C:\Users\ADMIN\eclipse-workspace\OpenCartProject\Master.xml"
14:16:01.742 [main] INFO  testCases.TC001_AccountRegistrationTest - *******	Starting TC001_AccountRegistrationTest  *******
14:16:02.123 [main] INFO  testCases.TC001_AccountRegistrationTest - Clicked on MyAccount Link...
14:16:02.972 [main] INFO  testCases.TC001_AccountRegistrationTest - Clicked on MY RegisterAccount...
14:16:02.994 [main] INFO  testCases.TC001_AccountRegistrationTest - Providing Customer Details...
14:16:05.221 [main] INFO  testCases.TC001_AccountRegistrationTest - Validating Expected Message....
14:16:05.303 [main] INFO  testCases.TC001_AccountRegistrationTest - Test Passed
14:16:05.303 [main] INFO  testCases.TC001_AccountRegistrationTest - *********	Finished TC001_AccountRegistrationTest  ***********
14:16:10.008 [main] INFO  testCases.TC002_LoginTest - ******************  Started TC002_LoginTest  ***********
14:16:13.036 [main] INFO  testCases.TC002_LoginTest - ****************** Finished TC002_LoginTest  ***********
18:00:57.409 [main] INFO  testCases.TC001_AccountRegistrationTest - *******	Starting TC001_AccountRegistrationTest  *******
18:00:57.571 [main] INFO  testCases.TC001_AccountRegistrationTest - Clicked on MyAccount Link...
18:00:58.376 [main] INFO  testCases.TC001_AccountRegistrationTest - Clicked on MY RegisterAccount...
18:00:58.386 [main] INFO  testCases.TC001_AccountRegistrationTest - Providing Customer Details...
18:01:00.607 [main] INFO  testCases.TC001_AccountRegistrationTest - Validating Expected Message....
18:01:00.679 [main] INFO  testCases.TC001_AccountRegistrationTest - Test Passed
18:01:00.679 [main] INFO  testCases.TC001_AccountRegistrationTest - *********	Finished TC001_AccountRegistrationTest  ***********
18:01:04.645 [main] INFO  testCases.TC002_LoginTest - ******************  Started TC002_LoginTest  ***********
18:01:07.964 [main] INFO  testCases.TC002_LoginTest - ****************** Finished TC002_LoginTest  ***********
